Arguments: 
  /Users/tsubasa/.nvm/versions/node/v16.14.0/bin/node /Users/tsubasa/.nvm/versions/node/v16.14.0/bin/yarn init

PATH: 
  /Users/tsubasa/.pyenv/shims:/Users/tsubasa/.nvm/versions/node/v16.14.0/bin:/Users/tsubasa/Desktop/mytools/bin:/opt/homebrew/opt/tcl-tk/bin:/Users/tsubasa/google-cloud-sdk/bin:/Users/tsubasa/.deta/bin:/opt/homebrew/opt/openjdk/bin:/opt/homebrew/bin:/opt/homebrew/sbin:/usr/local/bin:/usr/bin:/bin:/usr/sbin:/sbin:/Applications/VMware Fusion Tech Preview.app/Contents/Public:/Library/Apple/usr/bin:/Users/tsubasa/.goenv/versions/1.17.5/bin//Users/tsubasa/.goenv/bin:/Users/tsubasa/.pyenv/versions/3.9.10/bin:/opt/homebrew/opt/pyenv/libexec:/opt/homebrew/opt/pyenv/plugins/python-build/bin:/Users/tsubasa/.pyenv/shims:/Users/tsubasa/.nvm/versions/node/v16.14.0/bin:/Users/tsubasa/Desktop/mytools/bin:/opt/homebrew/opt/tcl-tk/bin:/Users/tsubasa/google-cloud-sdk/bin:/Users/tsubasa/.deta/bin:/opt/homebrew/opt/openjdk/bin:/opt/homebrew/bin:/opt/homebrew/sbin:/Users/tsubasa/.cargo/bin:/Users/tsubasa/.goenv/versions/1.17.5/bin//Users/tsubasa/.goenv/shims:/Users/tsubasa/.goenv/bin:/Users/tsubasa/go/1.17.5/bin:/Users/tsubasa/.fig/bin:/Users/tsubasa/.local/bin:/opt/homebrew/bin/:/Users/tsubasa/Library/Python/3.8/bin:/Users/tsubasa/.yarn/bin:/Users/tsubasa/tbsten/bin:/Users/tsubasa/.fzf/bin:/opt/homebrew/bin/:/Users/tsubasa/Library/Python/3.8/bin:/Users/tsubasa/.yarn/bin:/Users/tsubasa/tbsten/bin

Yarn version: 
  1.22.17

Node version: 
  16.14.0

Platform: 
  darwin arm64

Trace: 
  Error: canceled
      at Interface.<anonymous> (/Users/tsubasa/.nvm/versions/node/v16.14.0/lib/node_modules/yarn/lib/cli.js:137143:13)
      at Interface.emit (node:events:520:28)
      at Interface._ttyWrite (node:readline:1081:16)
      at ReadStream.onkeypress (node:readline:288:10)
      at ReadStream.emit (node:events:520:28)
      at emitKeys (node:internal/readline/utils:358:14)
      at emitKeys.next (<anonymous>)
      at ReadStream.onData (node:internal/readline/emitKeypressEvents:61:36)
      at ReadStream.emit (node:events:520:28)
      at addChunk (node:internal/streams/readable:315:12)

npm manifest: 
  No manifest

yarn manifest: 
  No manifest

Lockfile: 
  No lockfile
